::1 - - [21/Oct/2022:13:27:49 -0300] "GET / HTTP/1.1" 200 203
::1 - - [21/Oct/2022:13:27:49 -0300] "GET /favicon.ico HTTP/1.1" 404 209
::1 - - [21/Oct/2022:13:28:07 -0300] "GET /Projeto/ HTTP/1.1" 200 7087
::1 - - [21/Oct/2022:13:28:07 -0300] "GET /Projeto/css/style.css HTTP/1.1" 200 839
::1 - - [21/Oct/2022:13:28:07 -0300] "GET /Projeto/css/materialize.css HTTP/1.1" 200 179003
::1 - - [21/Oct/2022:13:28:07 -0300] "GET /Projeto/imag/logo1%20(1).png HTTP/1.1" 200 4668
::1 - - [21/Oct/2022:13:28:07 -0300] "GET /Projeto/js/init.js HTTP/1.1" 200 163
::1 - - [21/Oct/2022:13:28:07 -0300] "GET /Projeto/imag/2aula.jpg HTTP/1.1" 200 41172
::1 - - [21/Oct/2022:13:28:07 -0300] "GET /Projeto/imag/0101.jpg HTTP/1.1" 200 39336
::1 - - [21/Oct/2022:13:28:07 -0300] "GET /Projeto/imag/flamingo%20faculdade.jpeg HTTP/1.1" 200 44639
::1 - - [21/Oct/2022:13:28:07 -0300] "GET /Projeto/js/materialize.js HTTP/1.1" 200 369699
::1 - - [21/Oct/2022:13:28:20 -0300] "GET /Projeto/escolas%20copy.html HTTP/1.1" 200 4301
::1 - - [21/Oct/2022:13:28:20 -0300] "GET /Projeto/imag/EtecAdolphoBerezin.jpg HTTP/1.1" 200 92703
::1 - - [21/Oct/2022:13:28:28 -0300] "GET /Projeto/cadastroprof.php HTTP/1.1" 200 3458
::1 - - [21/Oct/2022:13:28:28 -0300] "GET /Projeto/images/favicon/favicon-32x32.png HTTP/1.1" 404 238
::1 - - [21/Oct/2022:13:28:55 -0300] "GET /Projeto/cadastroprof.php HTTP/1.1" 200 3458
::1 - - [21/Oct/2022:13:29:55 -0300] "-" 408 -
::1 - - [21/Oct/2022:13:33:39 -0300] "GET /Projeto/login.php HTTP/1.1" 200 2965
::1 - - [21/Oct/2022:13:33:39 -0300] "POST /Projeto/cadastroprof.php HTTP/1.1" 302 3458
::1 - - [21/Oct/2022:13:33:39 -0300] "GET /Projeto/login.php HTTP/1.1" 200 2965
::1 - - [21/Oct/2022:13:34:01 -0300] "GET /Projeto/login.php HTTP/1.1" 200 2965
::1 - - [21/Oct/2022:13:34:01 -0300] "POST /Projeto/login.php HTTP/1.1" 302 2666
::1 - - [21/Oct/2022:13:34:01 -0300] "GET /Projeto/escolas.html HTTP/1.1" 200 4281
::1 - - [21/Oct/2022:13:34:12 -0300] "GET /Projeto/pagescola1.php HTTP/1.1" 200 3641
::1 - - [21/Oct/2022:13:34:15 -0300] "GET /Projeto/pagescola1.php HTTP/1.1" 200 3641
::1 - - [21/Oct/2022:13:35:03 -0300] "GET /Projeto/login.php HTTP/1.1" 200 2965
::1 - - [21/Oct/2022:13:35:03 -0300] "POST /Projeto/pagescola1.php HTTP/1.1" 302 3690
::1 - - [21/Oct/2022:13:35:03 -0300] "GET /Projeto/index.php HTTP/1.1" 200 7087
::1 - - [21/Oct/2022:13:35:20 -0300] "GET /Projeto/pagescola1%20copy.php HTTP/1.1" 200 3182
::1 - - [21/Oct/2022:13:35:50 -0300] "GET /Projeto/index.php HTTP/1.1" 200 7087
::1 - - [21/Oct/2022:13:36:10 -0300] "GET /Projeto/cadastroprof.php HTTP/1.1" 200 3458
::1 - - [21/Oct/2022:13:36:26 -0300] "GET /Projeto/login.php HTTP/1.1" 200 2965
::1 - - [21/Oct/2022:13:36:26 -0300] "POST /Projeto/cadastroprof.php HTTP/1.1" 302 3458
::1 - - [21/Oct/2022:13:36:26 -0300] "GET /Projeto/login.php HTTP/1.1" 200 2965
::1 - - [21/Oct/2022:13:36:34 -0300] "POST /Projeto/login.php HTTP/1.1" 302 2666
::1 - - [21/Oct/2022:13:36:34 -0300] "GET /Projeto/login.php HTTP/1.1" 200 2965
::1 - - [21/Oct/2022:13:36:34 -0300] "GET /Projeto/escolas.html HTTP/1.1" 304 -
::1 - - [21/Oct/2022:13:36:39 -0300] "GET /Projeto/pagescola1.php HTTP/1.1" 200 3641
::1 - - [21/Oct/2022:13:37:03 -0300] "GET /Projeto/login.php HTTP/1.1" 200 2965
::1 - - [21/Oct/2022:13:37:03 -0300] "POST /Projeto/pagescola1.php HTTP/1.1" 302 3690
::1 - - [21/Oct/2022:13:37:03 -0300] "GET /Projeto/index.php HTTP/1.1" 200 7087
::1 - - [21/Oct/2022:13:37:14 -0300] "GET /Projeto/pagescola1%20copy.php HTTP/1.1" 200 3223
::1 - - [21/Oct/2022:13:37:31 -0300] "GET /Projeto/index.php HTTP/1.1" 200 7087
::1 - - [21/Oct/2022:13:38:21 -0300] "GET /Projeto/cadastroprof.php HTTP/1.1" 200 3458
::1 - - [21/Oct/2022:13:38:28 -0300] "GET /Projeto/index.php HTTP/1.1" 200 7087
::1 - - [21/Oct/2022:13:39:22 -0300] "GET /Projeto/cadastroprof.php HTTP/1.1" 200 3458
::1 - - [21/Oct/2022:13:39:24 -0300] "GET /Projeto/login.php HTTP/1.1" 200 2965
::1 - - [21/Oct/2022:13:39:24 -0300] "POST /Projeto/cadastroprof.php HTTP/1.1" 200 3489
::1 - - [21/Oct/2022:13:39:47 -0300] "GET /Projeto/login.php HTTP/1.1" 200 2965
::1 - - [21/Oct/2022:13:39:47 -0300] "POST /Projeto/cadastroprof.php HTTP/1.1" 302 3458
::1 - - [21/Oct/2022:13:39:47 -0300] "GET /Projeto/login.php HTTP/1.1" 200 2965
::1 - - [21/Oct/2022:13:40:47 -0300] "-" 408 -
::1 - - [21/Oct/2022:13:41:32 -0300] "GET /Projeto/login.php HTTP/1.1" 200 2692
::1 - - [21/Oct/2022:13:41:34 -0300] "GET /Projeto/login.php HTTP/1.1" 200 2692
::1 - - [21/Oct/2022:13:41:42 -0300] "GET /Projeto/login.php HTTP/1.1" 200 2692
::1 - - [21/Oct/2022:13:41:42 -0300] "POST /Projeto/login.php HTTP/1.1" 200 2692
::1 - - [21/Oct/2022:13:41:42 -0300] "GET /Projeto/login.php HTTP/1.1" 200 2692
::1 - - [21/Oct/2022:13:41:42 -0300] "POST /Projeto/login.php HTTP/1.1" 200 2692
::1 - - [21/Oct/2022:13:41:49 -0300] "GET /Projeto/login.php HTTP/1.1" 200 2692
::1 - - [21/Oct/2022:13:41:49 -0300] "POST /Projeto/login.php HTTP/1.1" 200 2692
::1 - - [21/Oct/2022:13:42:01 -0300] "POST /Projeto/login.php HTTP/1.1" 302 2666
::1 - - [21/Oct/2022:13:42:01 -0300] "GET /Projeto/escolas.html HTTP/1.1" 304 -
::1 - - [21/Oct/2022:13:42:04 -0300] "GET /Projeto/pagescola1.php HTTP/1.1" 200 3641
::1 - - [21/Oct/2022:13:43:01 -0300] "-" 408 -
::1 - - [21/Oct/2022:13:48:07 -0300] "GET /Projeto/pagescola1.php HTTP/1.1" 200 3685
::1 - - [21/Oct/2022:13:48:30 -0300] "GET /Projeto/pagescola1.php HTTP/1.1" 200 3685
::1 - - [21/Oct/2022:13:48:43 -0300] "GET /Projeto/login.php HTTP/1.1" 200 2965
::1 - - [21/Oct/2022:13:48:43 -0300] "POST /Projeto/pagescola1.php HTTP/1.1" 302 3734
::1 - - [21/Oct/2022:13:48:43 -0300] "GET /Projeto/index.php HTTP/1.1" 200 7087
::1 - - [21/Oct/2022:13:48:46 -0300] "GET /Projeto/pagescola1%20copy.php HTTP/1.1" 200 3305
::1 - - [21/Oct/2022:13:49:44 -0300] "-" 408 -
::1 - - [21/Oct/2022:13:51:24 -0300] "GET /Projeto/pagescola1%20copy.php HTTP/1.1" 200 2659
::1 - - [21/Oct/2022:13:51:37 -0300] "GET /Projeto/pagescola1%20copy.php HTTP/1.1" 200 2659
::1 - - [21/Oct/2022:13:51:40 -0300] "GET /Projeto/cadastroprof.php HTTP/1.1" 200 3458
::1 - - [21/Oct/2022:13:52:02 -0300] "GET /Projeto/login.php HTTP/1.1" 200 2965
::1 - - [21/Oct/2022:13:52:02 -0300] "POST /Projeto/cadastroprof.php HTTP/1.1" 302 3458
::1 - - [21/Oct/2022:13:52:02 -0300] "GET /Projeto/login.php HTTP/1.1" 200 2965
::1 - - [21/Oct/2022:13:52:08 -0300] "GET /Projeto/login.php HTTP/1.1" 200 2965
::1 - - [21/Oct/2022:13:52:08 -0300] "POST /Projeto/login.php HTTP/1.1" 302 2666
::1 - - [21/Oct/2022:13:52:08 -0300] "GET /Projeto/escolas.html HTTP/1.1" 304 -
::1 - - [21/Oct/2022:13:52:10 -0300] "GET /Projeto/pagescola1.php HTTP/1.1" 200 169
::1 - - [21/Oct/2022:13:52:29 -0300] "GET /Projeto/pagescola1.php HTTP/1.1" 200 166
::1 - - [21/Oct/2022:13:52:30 -0300] "GET /Projeto/pagescola1.php HTTP/1.1" 200 166
::1 - - [21/Oct/2022:13:52:37 -0300] "GET /Projeto/pagescola1.php HTTP/1.1" 200 169
::1 - - [21/Oct/2022:13:53:11 -0300] "GET /Projeto/pagescola1.php HTTP/1.1" 200 3754
::1 - - [21/Oct/2022:13:53:47 -0300] "GET /Projeto/login.php HTTP/1.1" 200 2965
::1 - - [21/Oct/2022:13:53:47 -0300] "POST /Projeto/pagescola1.php HTTP/1.1" 302 3803
::1 - - [21/Oct/2022:13:53:47 -0300] "GET /Projeto/index.php HTTP/1.1" 200 7087
::1 - - [21/Oct/2022:13:53:49 -0300] "GET /Projeto/pagescola1%20copy.php HTTP/1.1" 200 3230
::1 - - [21/Oct/2022:13:54:47 -0300] "-" 408 -
::1 - - [21/Oct/2022:13:55:14 -0300] "GET /Projeto/cadastroprof.php HTTP/1.1" 200 3458
::1 - - [21/Oct/2022:13:55:30 -0300] "GET /Projeto/pagescolaphp HTTP/1.1" 404 218
::1 - - [21/Oct/2022:13:55:43 -0300] "GET /Projeto/pagescola1.php HTTP/1.1" 200 3754
::1 - - [21/Oct/2022:13:55:59 -0300] "GET /Projeto/login.php HTTP/1.1" 200 2965
::1 - - [21/Oct/2022:13:55:59 -0300] "POST /Projeto/pagescola1.php HTTP/1.1" 302 3803
::1 - - [21/Oct/2022:13:55:59 -0300] "GET /Projeto/index.php HTTP/1.1" 200 7087
::1 - - [21/Oct/2022:13:56:01 -0300] "GET /Projeto/pagescola1%20copy.php HTTP/1.1" 200 3286
::1 - - [21/Oct/2022:13:57:00 -0300] "-" 408 -
::1 - - [21/Oct/2022:13:57:08 -0300] "GET /Projeto/pagescola1%20copy.php HTTP/1.1" 200 3286
::1 - - [21/Oct/2022:13:57:49 -0300] "GET /Projeto/ HTTP/1.1" 200 7087
::1 - - [21/Oct/2022:13:58:49 -0300] "-" 408 -
::1 - - [21/Oct/2022:14:06:55 -0300] "GET / HTTP/1.1" 200 203
::1 - - [21/Oct/2022:14:06:57 -0300] "GET /Projeto/ HTTP/1.1" 200 7087
::1 - - [21/Oct/2022:14:07:18 -0300] "GET / HTTP/1.1" 200 203
::1 - - [21/Oct/2022:14:07:19 -0300] "GET /Projeto/ HTTP/1.1" 200 7087
::1 - - [21/Oct/2022:14:07:23 -0300] "GET /Projeto/cadastroprof.php HTTP/1.1" 200 3458
::1 - - [21/Oct/2022:14:07:35 -0300] "GET /Projeto/login.php HTTP/1.1" 200 2965
::1 - - [21/Oct/2022:14:07:35 -0300] "POST /Projeto/cadastroprof.php HTTP/1.1" 302 3458
::1 - - [21/Oct/2022:14:07:35 -0300] "GET /Projeto/login.php HTTP/1.1" 200 2965
::1 - - [21/Oct/2022:14:07:44 -0300] "GET /Projeto/login.php HTTP/1.1" 200 2965
::1 - - [21/Oct/2022:14:07:44 -0300] "POST /Projeto/login.php HTTP/1.1" 302 2666
::1 - - [21/Oct/2022:14:07:44 -0300] "GET /Projeto/escolas.html HTTP/1.1" 304 -
::1 - - [21/Oct/2022:14:07:45 -0300] "GET /Projeto/pagescola1.php HTTP/1.1" 200 3754
::1 - - [21/Oct/2022:14:08:06 -0300] "GET /Projeto/login.php HTTP/1.1" 200 2965
::1 - - [21/Oct/2022:14:08:06 -0300] "POST /Projeto/pagescola1.php HTTP/1.1" 302 3803
::1 - - [21/Oct/2022:14:08:06 -0300] "GET /Projeto/index.php HTTP/1.1" 200 7087
::1 - - [21/Oct/2022:14:08:08 -0300] "GET /Projeto/pagescola1%20copy.php HTTP/1.1" 200 3294
::1 - - [21/Oct/2022:14:08:26 -0300] "GET /Projeto/index.php HTTP/1.1" 200 7087
