PHP Warning:  PHP Startup: Unable to load dynamic library 'C:/Users/Lab0-00/Desktop/Auxilium\\php\\ext\\php_curl.dll' - N\xef\xbf\xbdo foi poss\xef\xbf\xbdvel encontrar o m\xef\xbf\xbddulo especificado.\r\n in Unknown on line 0
PHP Warning:  PHP Startup: Unable to load dynamic library 'C:/Users/Lab0-00/Desktop/Auxilium\\php\\ext\\php_pgsql.dll' - O sistema operacional n\xef\xbf\xbdo pode executar %1.\r\n in Unknown on line 0
[Fri Oct 21 13:27:48.888433 2022] [mpm_winnt:notice] [pid 2340:tid 300] AH00455: Apache/2.4.29 (Win32) PHP/5.6.32 configured -- resuming normal operations
[Fri Oct 21 13:27:48.888433 2022] [mpm_winnt:notice] [pid 2340:tid 300] AH00456: Server built: Nov  3 2017 01:01:54
[Fri Oct 21 13:27:48.888433 2022] [core:notice] [pid 2340:tid 300] AH00094: Command line: 'C:\\Users\\Lab0-00\\Desktop\\Auxilium/apache2/bin/httpd_usbwv8.exe -d C:/Users/Lab0-00/Desktop/Auxilium/apache2'
[Fri Oct 21 13:27:48.890433 2022] [mpm_winnt:notice] [pid 2340:tid 300] AH00418: Parent: Created child process 4120
PHP Warning:  PHP Startup: Unable to load dynamic library 'C:/Users/Lab0-00/Desktop/Auxilium\\php\\ext\\php_curl.dll' - N\xef\xbf\xbdo foi poss\xef\xbf\xbdvel encontrar o m\xef\xbf\xbddulo especificado.\r\n in Unknown on line 0
PHP Warning:  PHP Startup: Unable to load dynamic library 'C:/Users/Lab0-00/Desktop/Auxilium\\php\\ext\\php_pgsql.dll' - O sistema operacional n\xef\xbf\xbdo pode executar %1.\r\n in Unknown on line 0
[Fri Oct 21 13:27:49.369433 2022] [mpm_winnt:notice] [pid 4120:tid 320] AH00354: Child: Starting 64 worker threads.
[Fri Oct 21 13:33:39.281833 2022] [:error] [pid 4120:tid 808] [client ::1:55636] PHP Notice:  Undefined index: name in C:\\Users\\Lab0-00\\Desktop\\Auxilium\\root\\Projeto\\login.php on line 74, referer: http://localhost/Projeto/cadastroprof.php
[Fri Oct 21 13:33:39.281833 2022] [:error] [pid 4120:tid 808] [client ::1:55636] PHP Notice:  Undefined index: senha in C:\\Users\\Lab0-00\\Desktop\\Auxilium\\root\\Projeto\\login.php on line 75, referer: http://localhost/Projeto/cadastroprof.php
[Fri Oct 21 13:33:39.307833 2022] [:error] [pid 4120:tid 824] [client ::1:55637] PHP Notice:  Undefined index: name in C:\\Users\\Lab0-00\\Desktop\\Auxilium\\root\\Projeto\\login.php on line 74, referer: http://localhost/Projeto/cadastroprof.php
[Fri Oct 21 13:33:39.307833 2022] [:error] [pid 4120:tid 824] [client ::1:55637] PHP Notice:  Undefined index: senha in C:\\Users\\Lab0-00\\Desktop\\Auxilium\\root\\Projeto\\login.php on line 75, referer: http://localhost/Projeto/cadastroprof.php
[Fri Oct 21 13:34:01.411634 2022] [:error] [pid 4120:tid 840] [client ::1:55638] PHP Notice:  Undefined index: name in C:\\Users\\Lab0-00\\Desktop\\Auxilium\\root\\Projeto\\login.php on line 74, referer: http://localhost/Projeto/login.php
[Fri Oct 21 13:34:01.411634 2022] [:error] [pid 4120:tid 840] [client ::1:55638] PHP Notice:  Undefined index: senha in C:\\Users\\Lab0-00\\Desktop\\Auxilium\\root\\Projeto\\login.php on line 75, referer: http://localhost/Projeto/login.php
[Fri Oct 21 13:35:03.708834 2022] [:error] [pid 4120:tid 824] [client ::1:55646] PHP Notice:  Undefined index: name in C:\\Users\\Lab0-00\\Desktop\\Auxilium\\root\\Projeto\\login.php on line 74, referer: http://localhost/Projeto/pagescola1.php
[Fri Oct 21 13:35:03.708834 2022] [:error] [pid 4120:tid 824] [client ::1:55646] PHP Notice:  Undefined index: senha in C:\\Users\\Lab0-00\\Desktop\\Auxilium\\root\\Projeto\\login.php on line 75, referer: http://localhost/Projeto/pagescola1.php
[Fri Oct 21 13:36:26.505434 2022] [:error] [pid 4120:tid 840] [client ::1:50978] PHP Notice:  Undefined index: name in C:\\Users\\Lab0-00\\Desktop\\Auxilium\\root\\Projeto\\login.php on line 74, referer: http://localhost/Projeto/cadastroprof.php
[Fri Oct 21 13:36:26.505434 2022] [:error] [pid 4120:tid 840] [client ::1:50978] PHP Notice:  Undefined index: senha in C:\\Users\\Lab0-00\\Desktop\\Auxilium\\root\\Projeto\\login.php on line 75, referer: http://localhost/Projeto/cadastroprof.php
[Fri Oct 21 13:36:26.509434 2022] [:error] [pid 4120:tid 824] [client ::1:50985] PHP Notice:  Undefined index: name in C:\\Users\\Lab0-00\\Desktop\\Auxilium\\root\\Projeto\\login.php on line 74, referer: http://localhost/Projeto/cadastroprof.php
[Fri Oct 21 13:36:26.509434 2022] [:error] [pid 4120:tid 824] [client ::1:50985] PHP Notice:  Undefined index: senha in C:\\Users\\Lab0-00\\Desktop\\Auxilium\\root\\Projeto\\login.php on line 75, referer: http://localhost/Projeto/cadastroprof.php
[Fri Oct 21 13:36:34.445234 2022] [:error] [pid 4120:tid 808] [client ::1:50986] PHP Notice:  Undefined index: name in C:\\Users\\Lab0-00\\Desktop\\Auxilium\\root\\Projeto\\login.php on line 74, referer: http://localhost/Projeto/login.php
[Fri Oct 21 13:36:34.445234 2022] [:error] [pid 4120:tid 808] [client ::1:50986] PHP Notice:  Undefined index: senha in C:\\Users\\Lab0-00\\Desktop\\Auxilium\\root\\Projeto\\login.php on line 75, referer: http://localhost/Projeto/login.php
[Fri Oct 21 13:37:03.885434 2022] [:error] [pid 4120:tid 808] [client ::1:50989] PHP Notice:  Undefined index: name in C:\\Users\\Lab0-00\\Desktop\\Auxilium\\root\\Projeto\\login.php on line 74, referer: http://localhost/Projeto/pagescola1.php
[Fri Oct 21 13:37:03.885434 2022] [:error] [pid 4120:tid 808] [client ::1:50989] PHP Notice:  Undefined index: senha in C:\\Users\\Lab0-00\\Desktop\\Auxilium\\root\\Projeto\\login.php on line 75, referer: http://localhost/Projeto/pagescola1.php
[Fri Oct 21 13:39:24.205635 2022] [:error] [pid 4120:tid 824] [client ::1:51015] PHP Notice:  Undefined index: name in C:\\Users\\Lab0-00\\Desktop\\Auxilium\\root\\Projeto\\login.php on line 74, referer: http://localhost/Projeto/cadastroprof.php
[Fri Oct 21 13:39:24.206635 2022] [:error] [pid 4120:tid 824] [client ::1:51015] PHP Notice:  Undefined index: senha in C:\\Users\\Lab0-00\\Desktop\\Auxilium\\root\\Projeto\\login.php on line 75, referer: http://localhost/Projeto/cadastroprof.php
[Fri Oct 21 13:39:47.356035 2022] [:error] [pid 4120:tid 840] [client ::1:51050] PHP Notice:  Undefined index: name in C:\\Users\\Lab0-00\\Desktop\\Auxilium\\root\\Projeto\\login.php on line 74, referer: http://localhost/Projeto/cadastroprof.php
[Fri Oct 21 13:39:47.356035 2022] [:error] [pid 4120:tid 840] [client ::1:51050] PHP Notice:  Undefined index: senha in C:\\Users\\Lab0-00\\Desktop\\Auxilium\\root\\Projeto\\login.php on line 75, referer: http://localhost/Projeto/cadastroprof.php
[Fri Oct 21 13:39:47.365035 2022] [:error] [pid 4120:tid 840] [client ::1:51053] PHP Notice:  Undefined index: name in C:\\Users\\Lab0-00\\Desktop\\Auxilium\\root\\Projeto\\login.php on line 74, referer: http://localhost/Projeto/cadastroprof.php
[Fri Oct 21 13:39:47.365035 2022] [:error] [pid 4120:tid 840] [client ::1:51053] PHP Notice:  Undefined index: senha in C:\\Users\\Lab0-00\\Desktop\\Auxilium\\root\\Projeto\\login.php on line 75, referer: http://localhost/Projeto/cadastroprof.php
[Fri Oct 21 13:48:43.796437 2022] [:error] [pid 4120:tid 808] [client ::1:51144] PHP Notice:  Undefined index: name in C:\\Users\\Lab0-00\\Desktop\\Auxilium\\root\\Projeto\\login.php on line 74, referer: http://localhost/Projeto/pagescola1.php
[Fri Oct 21 13:48:43.796437 2022] [:error] [pid 4120:tid 808] [client ::1:51144] PHP Notice:  Undefined index: senha in C:\\Users\\Lab0-00\\Desktop\\Auxilium\\root\\Projeto\\login.php on line 75, referer: http://localhost/Projeto/pagescola1.php
[Fri Oct 21 13:51:24.318038 2022] [:error] [pid 4120:tid 840] [client ::1:51163] PHP Warning:  fopen(cadastro/clientes.txt): failed to open stream: No such file or directory in C:\\Users\\Lab0-00\\Desktop\\Auxilium\\root\\Projeto\\pagescola1 copy.php on line 58, referer: http://localhost/Projeto/escolas%20copy.html
[Fri Oct 21 13:51:37.472438 2022] [:error] [pid 4120:tid 808] [client ::1:51164] PHP Warning:  fopen(cadastro/clientes.txt): failed to open stream: No such file or directory in C:\\Users\\Lab0-00\\Desktop\\Auxilium\\root\\Projeto\\pagescola1 copy.php on line 58, referer: http://localhost/Projeto/escolas%20copy.html
[Fri Oct 21 13:52:02.827838 2022] [:error] [pid 4120:tid 840] [client ::1:51170] PHP Notice:  Undefined index: name in C:\\Users\\Lab0-00\\Desktop\\Auxilium\\root\\Projeto\\login.php on line 74, referer: http://localhost/Projeto/cadastroprof.php
[Fri Oct 21 13:52:02.827838 2022] [:error] [pid 4120:tid 840] [client ::1:51170] PHP Notice:  Undefined index: senha in C:\\Users\\Lab0-00\\Desktop\\Auxilium\\root\\Projeto\\login.php on line 75, referer: http://localhost/Projeto/cadastroprof.php
[Fri Oct 21 13:52:02.835838 2022] [:error] [pid 4120:tid 840] [client ::1:51174] PHP Notice:  Undefined index: name in C:\\Users\\Lab0-00\\Desktop\\Auxilium\\root\\Projeto\\login.php on line 74, referer: http://localhost/Projeto/cadastroprof.php
[Fri Oct 21 13:52:02.835838 2022] [:error] [pid 4120:tid 840] [client ::1:51174] PHP Notice:  Undefined index: senha in C:\\Users\\Lab0-00\\Desktop\\Auxilium\\root\\Projeto\\login.php on line 75, referer: http://localhost/Projeto/cadastroprof.php
[Fri Oct 21 13:52:08.930838 2022] [:error] [pid 4120:tid 808] [client ::1:51175] PHP Notice:  Undefined index: name in C:\\Users\\Lab0-00\\Desktop\\Auxilium\\root\\Projeto\\login.php on line 74, referer: http://localhost/Projeto/login.php
[Fri Oct 21 13:52:08.930838 2022] [:error] [pid 4120:tid 808] [client ::1:51175] PHP Notice:  Undefined index: senha in C:\\Users\\Lab0-00\\Desktop\\Auxilium\\root\\Projeto\\login.php on line 75, referer: http://localhost/Projeto/login.php
[Fri Oct 21 13:52:10.984038 2022] [:error] [pid 4120:tid 808] [client ::1:51176] PHP Parse error:  syntax error, unexpected '$te' (T_VARIABLE) in C:\\Users\\Lab0-00\\Desktop\\Auxilium\\root\\Projeto\\pagescola1.php on line 117, referer: http://localhost/Projeto/escolas.html
[Fri Oct 21 13:52:29.306638 2022] [:error] [pid 4120:tid 840] [client ::1:51177] PHP Parse error:  syntax error, unexpected 'da' (T_STRING) in C:\\Users\\Lab0-00\\Desktop\\Auxilium\\root\\Projeto\\pagescola1.php on line 117, referer: http://localhost/Projeto/escolas.html
[Fri Oct 21 13:52:30.065838 2022] [:error] [pid 4120:tid 840] [client ::1:51177] PHP Parse error:  syntax error, unexpected 'da' (T_STRING) in C:\\Users\\Lab0-00\\Desktop\\Auxilium\\root\\Projeto\\pagescola1.php on line 117, referer: http://localhost/Projeto/escolas.html
[Fri Oct 21 13:52:37.330638 2022] [:error] [pid 4120:tid 808] [client ::1:51178] PHP Parse error:  syntax error, unexpected '$dt' (T_VARIABLE) in C:\\Users\\Lab0-00\\Desktop\\Auxilium\\root\\Projeto\\pagescola1.php on line 118, referer: http://localhost/Projeto/escolas.html
[Fri Oct 21 13:53:47.101438 2022] [:error] [pid 4120:tid 808] [client ::1:51185] PHP Notice:  Undefined index: name in C:\\Users\\Lab0-00\\Desktop\\Auxilium\\root\\Projeto\\login.php on line 74, referer: http://localhost/Projeto/pagescola1.php
[Fri Oct 21 13:53:47.101438 2022] [:error] [pid 4120:tid 808] [client ::1:51185] PHP Notice:  Undefined index: senha in C:\\Users\\Lab0-00\\Desktop\\Auxilium\\root\\Projeto\\login.php on line 75, referer: http://localhost/Projeto/pagescola1.php
[Fri Oct 21 13:55:59.756839 2022] [:error] [pid 4120:tid 808] [client ::1:51213] PHP Notice:  Undefined index: name in C:\\Users\\Lab0-00\\Desktop\\Auxilium\\root\\Projeto\\login.php on line 74, referer: http://localhost/Projeto/pagescola1.php
[Fri Oct 21 13:55:59.756839 2022] [:error] [pid 4120:tid 808] [client ::1:51213] PHP Notice:  Undefined index: senha in C:\\Users\\Lab0-00\\Desktop\\Auxilium\\root\\Projeto\\login.php on line 75, referer: http://localhost/Projeto/pagescola1.php
[Fri Oct 21 14:07:35.888241 2022] [:error] [pid 4120:tid 840] [client ::1:65361] PHP Notice:  Undefined index: name in C:\\Users\\Lab0-00\\Desktop\\Auxilium\\root\\Projeto\\login.php on line 74, referer: http://localhost/Projeto/cadastroprof.php
[Fri Oct 21 14:07:35.888241 2022] [:error] [pid 4120:tid 840] [client ::1:65361] PHP Notice:  Undefined index: senha in C:\\Users\\Lab0-00\\Desktop\\Auxilium\\root\\Projeto\\login.php on line 75, referer: http://localhost/Projeto/cadastroprof.php
[Fri Oct 21 14:07:35.893241 2022] [:error] [pid 4120:tid 808] [client ::1:65365] PHP Notice:  Undefined index: name in C:\\Users\\Lab0-00\\Desktop\\Auxilium\\root\\Projeto\\login.php on line 74, referer: http://localhost/Projeto/cadastroprof.php
[Fri Oct 21 14:07:35.893241 2022] [:error] [pid 4120:tid 808] [client ::1:65365] PHP Notice:  Undefined index: senha in C:\\Users\\Lab0-00\\Desktop\\Auxilium\\root\\Projeto\\login.php on line 75, referer: http://localhost/Projeto/cadastroprof.php
[Fri Oct 21 14:07:44.347041 2022] [:error] [pid 4120:tid 824] [client ::1:65366] PHP Notice:  Undefined index: name in C:\\Users\\Lab0-00\\Desktop\\Auxilium\\root\\Projeto\\login.php on line 74, referer: http://localhost/Projeto/login.php
[Fri Oct 21 14:07:44.347041 2022] [:error] [pid 4120:tid 824] [client ::1:65366] PHP Notice:  Undefined index: senha in C:\\Users\\Lab0-00\\Desktop\\Auxilium\\root\\Projeto\\login.php on line 75, referer: http://localhost/Projeto/login.php
[Fri Oct 21 14:08:06.965041 2022] [:error] [pid 4120:tid 808] [client ::1:65369] PHP Notice:  Undefined index: name in C:\\Users\\Lab0-00\\Desktop\\Auxilium\\root\\Projeto\\login.php on line 74, referer: http://localhost/Projeto/pagescola1.php
[Fri Oct 21 14:08:06.965041 2022] [:error] [pid 4120:tid 808] [client ::1:65369] PHP Notice:  Undefined index: senha in C:\\Users\\Lab0-00\\Desktop\\Auxilium\\root\\Projeto\\login.php on line 75, referer: http://localhost/Projeto/pagescola1.php
