2022-10-20 00:44:32 4664 [Note] Plugin 'FEDERATED' is disabled.
2022-10-20 00:44:32 4664 [Note] InnoDB: Using atomics to ref count buffer pool pages
2022-10-20 00:44:32 4664 [Note] InnoDB: The InnoDB memory heap is disabled
2022-10-20 00:44:32 4664 [Note] InnoDB: Mutexes and rw_locks use Windows interlocked functions
2022-10-20 00:44:32 4664 [Note] InnoDB: Memory barrier is not used
2022-10-20 00:44:32 4664 [Note] InnoDB: Compressed tables use zlib 1.2.3
2022-10-20 00:44:32 4664 [Note] InnoDB: Not using CPU crc32 instructions
2022-10-20 00:44:32 4664 [Note] InnoDB: Initializing buffer pool, size = 128.0M
2022-10-20 00:44:32 4664 [Note] InnoDB: Completed initialization of buffer pool
2022-10-20 00:44:32 4664 [Note] InnoDB: Setting log file C:\Users\user\Desktop\Projeto hackaton\usbwebserver\mysql\data\ib_logfile101 size to 5 MB
2022-10-20 00:44:32 4664 [Note] InnoDB: Setting log file C:\Users\user\Desktop\Projeto hackaton\usbwebserver\mysql\data\ib_logfile1 size to 5 MB
2022-10-20 00:44:32 4664 [Note] InnoDB: Renaming log file C:\Users\user\Desktop\Projeto hackaton\usbwebserver\mysql\data\ib_logfile101 to C:\Users\user\Desktop\Projeto hackaton\usbwebserver\mysql\data\ib_logfile0
2022-10-20 00:44:32 4664 [Warning] InnoDB: New log files created, LSN=1626134
2022-10-20 00:44:32 4664 [Note] InnoDB: Highest supported file format is Barracuda.
2022-10-20 00:44:32 1bbc InnoDB: Error: page 5 log sequence number 1626646
InnoDB: is in the future! Current system log sequence number 1626636.
InnoDB: Your database may be corrupt or you may have copied the InnoDB
InnoDB: tablespace but not the InnoDB log files. See
InnoDB: http://dev.mysql.com/doc/refman/5.6/en/forcing-innodb-recovery.html
InnoDB: for more information.
2022-10-20 00:44:32 4664 [Note] InnoDB: 128 rollback segment(s) are active.
2022-10-20 00:44:32 4664 [Note] InnoDB: Waiting for purge to start
2022-10-20 00:44:32 4664 [Note] InnoDB: 5.6.34 started; log sequence number 1626636
2022-10-20 00:44:32 4664 [Warning] No existing UUID has been found, so we assume that this is the first time that this server has been started. Generating a new UUID: 824fe097-5029-11ed-82ea-341a4cdd8ed6.
2022-10-20 00:44:32 4664 [Note] Server hostname (bind-address): '*'; port: 3306
2022-10-20 00:44:32 4664 [Note] IPv6 is available.
2022-10-20 00:44:32 4664 [Note]   - '::' resolves to '::';
2022-10-20 00:44:32 4664 [Note] Server socket created on IP: '::'.
2022-10-20 11:40:50 12492 [Note] Plugin 'FEDERATED' is disabled.
2022-10-20 11:40:50 12492 [Note] InnoDB: Using atomics to ref count buffer pool pages
2022-10-20 11:40:50 12492 [Note] InnoDB: The InnoDB memory heap is disabled
2022-10-20 11:40:50 12492 [Note] InnoDB: Mutexes and rw_locks use Windows interlocked functions
2022-10-20 11:40:50 12492 [Note] InnoDB: Memory barrier is not used
2022-10-20 11:40:50 12492 [Note] InnoDB: Compressed tables use zlib 1.2.3
2022-10-20 11:40:50 12492 [Note] InnoDB: Not using CPU crc32 instructions
2022-10-20 11:40:50 12492 [Note] InnoDB: Initializing buffer pool, size = 128.0M
2022-10-20 11:40:50 12492 [Note] InnoDB: Completed initialization of buffer pool
2022-10-20 11:40:50 12492 [Note] InnoDB: Highest supported file format is Barracuda.
2022-10-20 11:40:50 12492 [Note] InnoDB: The log sequence numbers 1626134 and 1626134 in ibdata files do not match the log sequence number 1626646 in the ib_logfiles!
2022-10-20 11:40:50 12492 [Note] InnoDB: Database was not shutdown normally!
2022-10-20 11:40:50 12492 [Note] InnoDB: Starting crash recovery.
2022-10-20 11:40:50 12492 [Note] InnoDB: Reading tablespace information from the .ibd files...
2022-10-20 11:40:50 12492 [Note] InnoDB: Restoring possible half-written data pages 
2022-10-20 11:40:50 12492 [Note] InnoDB: from the doublewrite buffer...
2022-10-20 11:40:51 12492 [Note] InnoDB: 128 rollback segment(s) are active.
2022-10-20 11:40:51 12492 [Note] InnoDB: Waiting for purge to start
2022-10-20 11:40:51 12492 [Note] InnoDB: 5.6.34 started; log sequence number 1626646
2022-10-20 11:40:51 12492 [Note] Server hostname (bind-address): '*'; port: 3306
2022-10-20 11:40:51 12492 [Note] IPv6 is available.
2022-10-20 11:40:51 12492 [Note]   - '::' resolves to '::';
2022-10-20 11:40:51 12492 [Note] Server socket created on IP: '::'.
2022-10-20 21:49:26 5516 [Note] Plugin 'FEDERATED' is disabled.
2022-10-20 21:49:26 5516 [Note] InnoDB: Using atomics to ref count buffer pool pages
2022-10-20 21:49:26 5516 [Note] InnoDB: The InnoDB memory heap is disabled
2022-10-20 21:49:26 5516 [Note] InnoDB: Mutexes and rw_locks use Windows interlocked functions
2022-10-20 21:49:26 5516 [Note] InnoDB: Memory barrier is not used
2022-10-20 21:49:26 5516 [Note] InnoDB: Compressed tables use zlib 1.2.3
2022-10-20 21:49:26 5516 [Note] InnoDB: Not using CPU crc32 instructions
2022-10-20 21:49:26 5516 [Note] InnoDB: Initializing buffer pool, size = 128.0M
2022-10-20 21:49:26 5516 [Note] InnoDB: Completed initialization of buffer pool
2022-10-20 21:49:27 5516 [Note] InnoDB: Highest supported file format is Barracuda.
2022-10-20 21:49:27 5516 [Note] InnoDB: 128 rollback segment(s) are active.
2022-10-20 21:49:27 5516 [Note] InnoDB: Waiting for purge to start
2022-10-20 21:49:27 5516 [Note] InnoDB: 5.6.34 started; log sequence number 1626666
2022-10-20 21:49:27 5516 [Note] Server hostname (bind-address): '*'; port: 3306
2022-10-20 21:49:27 5516 [Note] IPv6 is available.
2022-10-20 21:49:27 5516 [Note]   - '::' resolves to '::';
2022-10-20 21:49:27 5516 [Note] Server socket created on IP: '::'.
2022-10-20 22:50:05 12996 [Note] Plugin 'FEDERATED' is disabled.
2022-10-20 22:50:05 12996 [Note] InnoDB: Using atomics to ref count buffer pool pages
2022-10-20 22:50:05 12996 [Note] InnoDB: The InnoDB memory heap is disabled
2022-10-20 22:50:05 12996 [Note] InnoDB: Mutexes and rw_locks use Windows interlocked functions
2022-10-20 22:50:05 12996 [Note] InnoDB: Memory barrier is not used
2022-10-20 22:50:05 12996 [Note] InnoDB: Compressed tables use zlib 1.2.3
2022-10-20 22:50:05 12996 [Note] InnoDB: Not using CPU crc32 instructions
2022-10-20 22:50:05 12996 [Note] InnoDB: Initializing buffer pool, size = 128.0M
2022-10-20 22:50:05 12996 [Note] InnoDB: Completed initialization of buffer pool
2022-10-20 22:50:05 12996 [Note] InnoDB: Highest supported file format is Barracuda.
2022-10-20 22:50:05 12996 [Note] InnoDB: The log sequence numbers 1626666 and 1626666 in ibdata files do not match the log sequence number 1626676 in the ib_logfiles!
2022-10-20 22:50:05 12996 [Note] InnoDB: Database was not shutdown normally!
2022-10-20 22:50:05 12996 [Note] InnoDB: Starting crash recovery.
2022-10-20 22:50:05 12996 [Note] InnoDB: Reading tablespace information from the .ibd files...
2022-10-20 22:50:05 12996 [Note] InnoDB: Restoring possible half-written data pages 
2022-10-20 22:50:05 12996 [Note] InnoDB: from the doublewrite buffer...
2022-10-20 22:50:05 12996 [Note] InnoDB: 128 rollback segment(s) are active.
2022-10-20 22:50:05 12996 [Note] InnoDB: Waiting for purge to start
2022-10-20 22:50:05 12996 [Note] InnoDB: 5.6.34 started; log sequence number 1626676
2022-10-20 22:50:05 12996 [Note] Server hostname (bind-address): '*'; port: 3306
2022-10-20 22:50:05 12996 [Note] IPv6 is available.
2022-10-20 22:50:05 12996 [Note]   - '::' resolves to '::';
2022-10-20 22:50:05 12996 [Note] Server socket created on IP: '::'.
